<?xml version="1.0" encoding="UTF-8"?>
<testsuite xmlns:xsi="http://www.w3.org/2001/XMLSchema-instance" xsi:noNamespaceSchemaLocation="https://maven.apache.org/surefire/maven-surefire-plugin/xsd/surefire-test-report.xsd" name="tw.jsl.JavaProjectTHU.FileIOTest" time="0.603" tests="5" errors="0" skipped="0" failures="0">
  <properties>
    <property name="java.specification.version" value="14"/>
    <property name="sun.jnu.encoding" value="UTF-8"/>
    <property name="java.class.path" value="/home/jsl/CODE/10901_JavaProject_THU/target/test-classes:/home/jsl/CODE/10901_JavaProject_THU/target/classes:/home/jsl/.m2/repository/junit/junit/4.11/junit-4.11.jar:/home/jsl/.m2/repository/org/hamcrest/hamcrest-core/1.3/hamcrest-core-1.3.jar:/home/jsl/.m2/repository/org/apache/poi/poi/4.1.2/poi-4.1.2.jar:/home/jsl/.m2/repository/commons-codec/commons-codec/1.13/commons-codec-1.13.jar:/home/jsl/.m2/repository/org/apache/commons/commons-collections4/4.4/commons-collections4-4.4.jar:/home/jsl/.m2/repository/org/apache/commons/commons-math3/3.6.1/commons-math3-3.6.1.jar:/home/jsl/.m2/repository/com/zaxxer/SparseBitSet/1.2/SparseBitSet-1.2.jar:/home/jsl/.m2/repository/org/apache/poi/poi-ooxml/4.1.2/poi-ooxml-4.1.2.jar:/home/jsl/.m2/repository/org/apache/poi/poi-ooxml-schemas/4.1.2/poi-ooxml-schemas-4.1.2.jar:/home/jsl/.m2/repository/org/apache/xmlbeans/xmlbeans/3.1.0/xmlbeans-3.1.0.jar:/home/jsl/.m2/repository/org/apache/commons/commons-compress/1.19/commons-compress-1.19.jar:/home/jsl/.m2/repository/com/github/virtuald/curvesapi/1.06/curvesapi-1.06.jar:"/>
    <property name="java.vm.vendor" value="Oracle Corporation"/>
    <property name="sun.arch.data.model" value="64"/>
    <property name="java.vendor.url" value="https://openjdk.java.net/"/>
    <property name="os.name" value="Linux"/>
    <property name="java.vm.specification.version" value="14"/>
    <property name="sun.java.launcher" value="SUN_STANDARD"/>
    <property name="user.country" value="US"/>
    <property name="sun.boot.library.path" value="/usr/lib/jvm/java-14-openjdk/lib"/>
    <property name="sun.java.command" value="/home/jsl/CODE/10901_JavaProject_THU/target/surefire/surefirebooter10074320011622896088.jar /home/jsl/CODE/10901_JavaProject_THU/target/surefire 2020-12-25T18-54-48_748-jvmRun1 surefire12050168686691996375tmp surefire_013142394850865163323tmp"/>
    <property name="jdk.debug" value="release"/>
    <property name="surefire.test.class.path" value="/home/jsl/CODE/10901_JavaProject_THU/target/test-classes:/home/jsl/CODE/10901_JavaProject_THU/target/classes:/home/jsl/.m2/repository/junit/junit/4.11/junit-4.11.jar:/home/jsl/.m2/repository/org/hamcrest/hamcrest-core/1.3/hamcrest-core-1.3.jar:/home/jsl/.m2/repository/org/apache/poi/poi/4.1.2/poi-4.1.2.jar:/home/jsl/.m2/repository/commons-codec/commons-codec/1.13/commons-codec-1.13.jar:/home/jsl/.m2/repository/org/apache/commons/commons-collections4/4.4/commons-collections4-4.4.jar:/home/jsl/.m2/repository/org/apache/commons/commons-math3/3.6.1/commons-math3-3.6.1.jar:/home/jsl/.m2/repository/com/zaxxer/SparseBitSet/1.2/SparseBitSet-1.2.jar:/home/jsl/.m2/repository/org/apache/poi/poi-ooxml/4.1.2/poi-ooxml-4.1.2.jar:/home/jsl/.m2/repository/org/apache/poi/poi-ooxml-schemas/4.1.2/poi-ooxml-schemas-4.1.2.jar:/home/jsl/.m2/repository/org/apache/xmlbeans/xmlbeans/3.1.0/xmlbeans-3.1.0.jar:/home/jsl/.m2/repository/org/apache/commons/commons-compress/1.19/commons-compress-1.19.jar:/home/jsl/.m2/repository/com/github/virtuald/curvesapi/1.06/curvesapi-1.06.jar:"/>
    <property name="sun.cpu.endian" value="little"/>
    <property name="user.home" value="/home/jsl"/>
    <property name="user.language" value="en"/>
    <property name="java.specification.vendor" value="Oracle Corporation"/>
    <property name="java.version.date" value="2020-07-14"/>
    <property name="java.home" value="/usr/lib/jvm/java-14-openjdk"/>
    <property name="file.separator" value="/"/>
    <property name="basedir" value="/home/jsl/CODE/10901_JavaProject_THU"/>
    <property name="java.vm.compressedOopsMode" value="Zero based"/>
    <property name="line.separator" value="&#10;"/>
    <property name="java.vm.specification.vendor" value="Oracle Corporation"/>
    <property name="java.specification.name" value="Java Platform API Specification"/>
    <property name="surefire.real.class.path" value="/home/jsl/CODE/10901_JavaProject_THU/target/surefire/surefirebooter10074320011622896088.jar"/>
    <property name="sun.management.compiler" value="HotSpot 64-Bit Tiered Compilers"/>
    <property name="java.runtime.version" value="14.0.2+12"/>
    <property name="user.name" value="jsl"/>
    <property name="path.separator" value=":"/>
    <property name="os.version" value="5.4.85-1-lts"/>
    <property name="java.runtime.name" value="OpenJDK Runtime Environment"/>
    <property name="file.encoding" value="UTF-8"/>
    <property name="java.vm.name" value="OpenJDK 64-Bit Server VM"/>
    <property name="localRepository" value="/home/jsl/.m2/repository"/>
    <property name="java.vendor.url.bug" value="https://bugreport.java.com/bugreport/"/>
    <property name="java.io.tmpdir" value="/tmp"/>
    <property name="java.version" value="14.0.2"/>
    <property name="user.dir" value="/home/jsl/CODE/10901_JavaProject_THU"/>
    <property name="os.arch" value="amd64"/>
    <property name="java.vm.specification.name" value="Java Virtual Machine Specification"/>
    <property name="java.library.path" value="/usr/java/packages/lib:/usr/lib64:/lib64:/lib:/usr/lib"/>
    <property name="java.vm.info" value="mixed mode"/>
    <property name="java.vendor" value="N/A"/>
    <property name="java.vm.version" value="14.0.2+12"/>
    <property name="sun.io.unicode.encoding" value="UnicodeLittle"/>
    <property name="java.class.version" value="58.0"/>
  </properties>
  <testcase name="testFileIO_writeFile_str_target" classname="tw.jsl.JavaProjectTHU.FileIOTest" time="0.411"/>
  <testcase name="testFileIO_openFile_str_isDirectory" classname="tw.jsl.JavaProjectTHU.FileIOTest" time="0.008"/>
  <testcase name="testFileIO_openFile_str_isReal" classname="tw.jsl.JavaProjectTHU.FileIOTest" time="0.177"/>
  <testcase name="testFileIO_newFile" classname="tw.jsl.JavaProjectTHU.FileIOTest" time="0.004"/>
  <testcase name="testFileIO_plainOpen" classname="tw.jsl.JavaProjectTHU.FileIOTest" time="0.003"/>
</testsuite>